CRITICAL - 2025-09-25 05:23:44 --> Error: Call to undefined function form_open()
[Method: GET, Route: /]
in APPPATH\Views\welcome_message.php on line 97.
 1 SYSTEMPATH\View\View.php(226): include()
 2 SYSTEMPATH\View\View.php(229): CodeIgniter\View\View->CodeIgniter\View\{closure}()
 3 SYSTEMPATH\Common.php(1167): CodeIgniter\View\View->render('welcome_message', [], true)
 4 APPPATH\Controllers\Home.php(9): view('welcome_message')
 5 SYSTEMPATH\CodeIgniter.php(933): App\Controllers\Home->index()
 6 SYSTEMPATH\CodeIgniter.php(507): CodeIgniter\CodeIgniter->runController(Object(App\Controllers\Home))
 7 SYSTEMPATH\CodeIgniter.php(354): CodeIgniter\CodeIgniter->handleRequest(null, Object(Config\Cache), false)
 8 SYSTEMPATH\Boot.php(363): CodeIgniter\CodeIgniter->run()
 9 SYSTEMPATH\Boot.php(68): CodeIgniter\Boot::runCodeIgniter(Object(CodeIgniter\CodeIgniter))
10 FCPATH\index.php(59): CodeIgniter\Boot::bootWeb(Object(Config\Paths))
CRITICAL - 2025-09-25 05:27:41 --> Error: Call to undefined function form_open()
[Method: GET, Route: /]
in APPPATH\Views\welcome_message.php on line 97.
 1 SYSTEMPATH\View\View.php(226): include()
 2 SYSTEMPATH\View\View.php(229): CodeIgniter\View\View->CodeIgniter\View\{closure}()
 3 SYSTEMPATH\Common.php(1167): CodeIgniter\View\View->render('welcome_message', [], true)
 4 APPPATH\Controllers\Home.php(9): view('welcome_message')
 5 SYSTEMPATH\CodeIgniter.php(933): App\Controllers\Home->index()
 6 SYSTEMPATH\CodeIgniter.php(507): CodeIgniter\CodeIgniter->runController(Object(App\Controllers\Home))
 7 SYSTEMPATH\CodeIgniter.php(354): CodeIgniter\CodeIgniter->handleRequest(null, Object(Config\Cache), false)
 8 SYSTEMPATH\Boot.php(363): CodeIgniter\CodeIgniter->run()
 9 SYSTEMPATH\Boot.php(68): CodeIgniter\Boot::runCodeIgniter(Object(CodeIgniter\CodeIgniter))
10 FCPATH\index.php(59): CodeIgniter\Boot::bootWeb(Object(Config\Paths))
CRITICAL - 2025-09-25 05:34:38 --> Error: Call to undefined function form_open()
[Method: GET, Route: /]
in APPPATH\Views\welcome_message.php on line 97.
 1 SYSTEMPATH\View\View.php(226): include()
 2 SYSTEMPATH\View\View.php(229): CodeIgniter\View\View->CodeIgniter\View\{closure}()
 3 SYSTEMPATH\Common.php(1167): CodeIgniter\View\View->render('welcome_message', [], true)
 4 APPPATH\Controllers\Home.php(9): view('welcome_message')
 5 SYSTEMPATH\CodeIgniter.php(933): App\Controllers\Home->index()
 6 SYSTEMPATH\CodeIgniter.php(507): CodeIgniter\CodeIgniter->runController(Object(App\Controllers\Home))
 7 SYSTEMPATH\CodeIgniter.php(354): CodeIgniter\CodeIgniter->handleRequest(null, Object(Config\Cache), false)
 8 SYSTEMPATH\Boot.php(363): CodeIgniter\CodeIgniter->run()
 9 SYSTEMPATH\Boot.php(68): CodeIgniter\Boot::runCodeIgniter(Object(CodeIgniter\CodeIgniter))
10 FCPATH\index.php(59): CodeIgniter\Boot::bootWeb(Object(Config\Paths))
CRITICAL - 2025-09-25 05:35:47 --> Error: Call to undefined function form_open()
[Method: GET, Route: /]
in APPPATH\Views\welcome_message.php on line 97.
 1 SYSTEMPATH\View\View.php(226): include()
 2 SYSTEMPATH\View\View.php(229): CodeIgniter\View\View->CodeIgniter\View\{closure}()
 3 SYSTEMPATH\Common.php(1167): CodeIgniter\View\View->render('welcome_message', [], true)
 4 APPPATH\Controllers\Home.php(9): view('welcome_message')
 5 SYSTEMPATH\CodeIgniter.php(933): App\Controllers\Home->index()
 6 SYSTEMPATH\CodeIgniter.php(507): CodeIgniter\CodeIgniter->runController(Object(App\Controllers\Home))
 7 SYSTEMPATH\CodeIgniter.php(354): CodeIgniter\CodeIgniter->handleRequest(null, Object(Config\Cache), false)
 8 SYSTEMPATH\Boot.php(363): CodeIgniter\CodeIgniter->run()
 9 SYSTEMPATH\Boot.php(68): CodeIgniter\Boot::runCodeIgniter(Object(CodeIgniter\CodeIgniter))
10 FCPATH\index.php(59): CodeIgniter\Boot::bootWeb(Object(Config\Paths))
CRITICAL - 2025-09-25 05:40:44 --> ErrorException: Namespace declaration statement has to be the very first statement or after any declare call in the script
[Method: GET, Route: /]
in APPPATH\Controllers\Login.php on line 4.
 1 [internal function]: CodeIgniter\Debug\Exceptions->shutdownHandler()
CRITICAL - 2025-09-25 05:40:48 --> ErrorException: Namespace declaration statement has to be the very first statement or after any declare call in the script
[Method: GET, Route: /]
in APPPATH\Controllers\Login.php on line 4.
 1 [internal function]: CodeIgniter\Debug\Exceptions->shutdownHandler()
CRITICAL - 2025-09-25 05:41:35 --> ErrorException: Namespace declaration statement has to be the very first statement or after any declare call in the script
[Method: GET, Route: /]
in APPPATH\Controllers\Login.php on line 4.
 1 [internal function]: CodeIgniter\Debug\Exceptions->shutdownHandler()
CRITICAL - 2025-09-25 05:43:07 --> ErrorException: Namespace declaration statement has to be the very first statement or after any declare call in the script
[Method: GET, Route: login]
in APPPATH\Controllers\Login.php on line 4.
 1 [internal function]: CodeIgniter\Debug\Exceptions->shutdownHandler()
CRITICAL - 2025-09-25 05:44:56 --> ErrorException: Namespace declaration statement has to be the very first statement or after any declare call in the script
[Method: GET, Route: login]
in APPPATH\Controllers\Login.php on line 4.
 1 [internal function]: CodeIgniter\Debug\Exceptions->shutdownHandler()
CRITICAL - 2025-09-25 05:44:57 --> ErrorException: Namespace declaration statement has to be the very first statement or after any declare call in the script
[Method: GET, Route: login]
in APPPATH\Controllers\Login.php on line 4.
 1 [internal function]: CodeIgniter\Debug\Exceptions->shutdownHandler()
CRITICAL - 2025-09-25 05:45:40 --> ErrorException: Namespace declaration statement has to be the very first statement or after any declare call in the script
[Method: GET, Route: login]
in APPPATH\Controllers\Login.php on line 4.
 1 [internal function]: CodeIgniter\Debug\Exceptions->shutdownHandler()
CRITICAL - 2025-09-25 05:47:27 --> ErrorException: Namespace declaration statement has to be the very first statement or after any declare call in the script
[Method: GET, Route: login]
in APPPATH\Controllers\Login.php on line 4.
 1 [internal function]: CodeIgniter\Debug\Exceptions->shutdownHandler()
CRITICAL - 2025-09-25 05:47:37 --> ErrorException: Namespace declaration statement has to be the very first statement or after any declare call in the script
[Method: GET, Route: login]
in APPPATH\Controllers\Login.php on line 4.
 1 [internal function]: CodeIgniter\Debug\Exceptions->shutdownHandler()
CRITICAL - 2025-09-25 05:55:15 --> ErrorException: Undefined variable $leftbody
[Method: GET, Route: /]
in APPPATH\Views\dashboard\index.php on line 188.
 1 APPPATH\Views\dashboard\index.php(188): CodeIgniter\Debug\Exceptions->errorHandler(2, 'Undefined variable $leftbody', 'C:\\wamp64\\www\\ejoining\\app\\Views\\dashboard\\index.php', 188)
 2 SYSTEMPATH\View\View.php(226): include('C:\\wamp64\\www\\ejoining\\app\\Views\\dashboard\\index.php')
 3 SYSTEMPATH\View\View.php(229): CodeIgniter\View\View->CodeIgniter\View\{closure}()
 4 SYSTEMPATH\Common.php(1167): CodeIgniter\View\View->render('dashboard/index', [], true)
 5 APPPATH\Controllers\Dashboard.php(9): view('dashboard/index')
 6 SYSTEMPATH\CodeIgniter.php(933): App\Controllers\Dashboard->index()
 7 SYSTEMPATH\CodeIgniter.php(507): CodeIgniter\CodeIgniter->runController(Object(App\Controllers\Dashboard))
 8 SYSTEMPATH\CodeIgniter.php(354): CodeIgniter\CodeIgniter->handleRequest(null, Object(Config\Cache), false)
 9 SYSTEMPATH\Boot.php(363): CodeIgniter\CodeIgniter->run()
10 SYSTEMPATH\Boot.php(68): CodeIgniter\Boot::runCodeIgniter(Object(CodeIgniter\CodeIgniter))
11 FCPATH\index.php(59): CodeIgniter\Boot::bootWeb(Object(Config\Paths))
CRITICAL - 2025-09-25 05:55:19 --> ErrorException: Undefined variable $leftbody
[Method: GET, Route: /]
in APPPATH\Views\dashboard\index.php on line 188.
 1 APPPATH\Views\dashboard\index.php(188): CodeIgniter\Debug\Exceptions->errorHandler(2, 'Undefined variable $leftbody', 'C:\\wamp64\\www\\ejoining\\app\\Views\\dashboard\\index.php', 188)
 2 SYSTEMPATH\View\View.php(226): include('C:\\wamp64\\www\\ejoining\\app\\Views\\dashboard\\index.php')
 3 SYSTEMPATH\View\View.php(229): CodeIgniter\View\View->CodeIgniter\View\{closure}()
 4 SYSTEMPATH\Common.php(1167): CodeIgniter\View\View->render('dashboard/index', [], true)
 5 APPPATH\Controllers\Dashboard.php(9): view('dashboard/index')
 6 SYSTEMPATH\CodeIgniter.php(933): App\Controllers\Dashboard->index()
 7 SYSTEMPATH\CodeIgniter.php(507): CodeIgniter\CodeIgniter->runController(Object(App\Controllers\Dashboard))
 8 SYSTEMPATH\CodeIgniter.php(354): CodeIgniter\CodeIgniter->handleRequest(null, Object(Config\Cache), false)
 9 SYSTEMPATH\Boot.php(363): CodeIgniter\CodeIgniter->run()
10 SYSTEMPATH\Boot.php(68): CodeIgniter\Boot::runCodeIgniter(Object(CodeIgniter\CodeIgniter))
11 FCPATH\index.php(59): CodeIgniter\Boot::bootWeb(Object(Config\Paths))
CRITICAL - 2025-09-25 06:05:27 --> CodeIgniter\View\Exceptions\ViewException: Invalid file: "header.php"
[Method: GET, Route: /]
in SYSTEMPATH\Exceptions\FrameworkException.php on line 39.
 1 SYSTEMPATH\View\View.php(214): CodeIgniter\Exceptions\FrameworkException::forInvalidFile('header.php')
 2 SYSTEMPATH\Common.php(1167): CodeIgniter\View\View->render('header', [], true)
 3 APPPATH\Views\layout\base.php(17): view('header')
 4 SYSTEMPATH\View\View.php(226): include('C:\\wamp64\\www\\ejoining\\app\\Views\\layout\\base.php')
 5 SYSTEMPATH\View\View.php(229): CodeIgniter\View\View->CodeIgniter\View\{closure}()
 6 SYSTEMPATH\View\View.php(242): CodeIgniter\View\View->render('layout/base', [], true)
 7 SYSTEMPATH\Common.php(1167): CodeIgniter\View\View->render('dashboard/index', [], true)
 8 APPPATH\Controllers\Dashboard.php(9): view('dashboard/index')
 9 SYSTEMPATH\CodeIgniter.php(933): App\Controllers\Dashboard->index()
10 SYSTEMPATH\CodeIgniter.php(507): CodeIgniter\CodeIgniter->runController(Object(App\Controllers\Dashboard))
11 SYSTEMPATH\CodeIgniter.php(354): CodeIgniter\CodeIgniter->handleRequest(null, Object(Config\Cache), false)
12 SYSTEMPATH\Boot.php(363): CodeIgniter\CodeIgniter->run()
13 SYSTEMPATH\Boot.php(68): CodeIgniter\Boot::runCodeIgniter(Object(CodeIgniter\CodeIgniter))
14 FCPATH\index.php(59): CodeIgniter\Boot::bootWeb(Object(Config\Paths))
CRITICAL - 2025-09-25 06:05:49 --> CodeIgniter\View\Exceptions\ViewException: Invalid file: "/header.php"
[Method: GET, Route: /]
in SYSTEMPATH\Exceptions\FrameworkException.php on line 39.
 1 SYSTEMPATH\View\View.php(214): CodeIgniter\Exceptions\FrameworkException::forInvalidFile('/header.php')
 2 SYSTEMPATH\Common.php(1167): CodeIgniter\View\View->render('/header', [], true)
 3 APPPATH\Views\layout\base.php(17): view('/header')
 4 SYSTEMPATH\View\View.php(226): include('C:\\wamp64\\www\\ejoining\\app\\Views\\layout\\base.php')
 5 SYSTEMPATH\View\View.php(229): CodeIgniter\View\View->CodeIgniter\View\{closure}()
 6 SYSTEMPATH\View\View.php(242): CodeIgniter\View\View->render('layout/base', [], true)
 7 SYSTEMPATH\Common.php(1167): CodeIgniter\View\View->render('dashboard/index', [], true)
 8 APPPATH\Controllers\Dashboard.php(9): view('dashboard/index')
 9 SYSTEMPATH\CodeIgniter.php(933): App\Controllers\Dashboard->index()
10 SYSTEMPATH\CodeIgniter.php(507): CodeIgniter\CodeIgniter->runController(Object(App\Controllers\Dashboard))
11 SYSTEMPATH\CodeIgniter.php(354): CodeIgniter\CodeIgniter->handleRequest(null, Object(Config\Cache), false)
12 SYSTEMPATH\Boot.php(363): CodeIgniter\CodeIgniter->run()
13 SYSTEMPATH\Boot.php(68): CodeIgniter\Boot::runCodeIgniter(Object(CodeIgniter\CodeIgniter))
14 FCPATH\index.php(59): CodeIgniter\Boot::bootWeb(Object(Config\Paths))
CRITICAL - 2025-09-25 06:05:51 --> CodeIgniter\View\Exceptions\ViewException: Invalid file: "/header.php"
[Method: GET, Route: /]
in SYSTEMPATH\Exceptions\FrameworkException.php on line 39.
 1 SYSTEMPATH\View\View.php(214): CodeIgniter\Exceptions\FrameworkException::forInvalidFile('/header.php')
 2 SYSTEMPATH\Common.php(1167): CodeIgniter\View\View->render('/header', [], true)
 3 APPPATH\Views\layout\base.php(17): view('/header')
 4 SYSTEMPATH\View\View.php(226): include('C:\\wamp64\\www\\ejoining\\app\\Views\\layout\\base.php')
 5 SYSTEMPATH\View\View.php(229): CodeIgniter\View\View->CodeIgniter\View\{closure}()
 6 SYSTEMPATH\View\View.php(242): CodeIgniter\View\View->render('layout/base', [], true)
 7 SYSTEMPATH\Common.php(1167): CodeIgniter\View\View->render('dashboard/index', [], true)
 8 APPPATH\Controllers\Dashboard.php(9): view('dashboard/index')
 9 SYSTEMPATH\CodeIgniter.php(933): App\Controllers\Dashboard->index()
10 SYSTEMPATH\CodeIgniter.php(507): CodeIgniter\CodeIgniter->runController(Object(App\Controllers\Dashboard))
11 SYSTEMPATH\CodeIgniter.php(354): CodeIgniter\CodeIgniter->handleRequest(null, Object(Config\Cache), false)
12 SYSTEMPATH\Boot.php(363): CodeIgniter\CodeIgniter->run()
13 SYSTEMPATH\Boot.php(68): CodeIgniter\Boot::runCodeIgniter(Object(CodeIgniter\CodeIgniter))
14 FCPATH\index.php(59): CodeIgniter\Boot::bootWeb(Object(Config\Paths))
CRITICAL - 2025-09-25 06:08:44 --> ErrorException: Undefined variable $leftbody
[Method: GET, Route: /]
in APPPATH\Views\layout\appbar.php on line 30.
 1 APPPATH\Views\layout\appbar.php(30): CodeIgniter\Debug\Exceptions->errorHandler(2, 'Undefined variable $leftbody', 'C:\\wamp64\\www\\ejoining\\app\\Views\\layout\\appbar.php', 30)
 2 SYSTEMPATH\View\View.php(226): include('C:\\wamp64\\www\\ejoining\\app\\Views\\layout\\appbar.php')
 3 SYSTEMPATH\View\View.php(229): CodeIgniter\View\View->CodeIgniter\View\{closure}()
 4 SYSTEMPATH\Common.php(1167): CodeIgniter\View\View->render('layout/appbar', [], true)
 5 APPPATH\Views\layout\base.php(20): view('layout/appbar')
 6 SYSTEMPATH\View\View.php(226): include('C:\\wamp64\\www\\ejoining\\app\\Views\\layout\\base.php')
 7 SYSTEMPATH\View\View.php(229): CodeIgniter\View\View->CodeIgniter\View\{closure}()
 8 SYSTEMPATH\View\View.php(242): CodeIgniter\View\View->render('layout/base', [], true)
 9 SYSTEMPATH\Common.php(1167): CodeIgniter\View\View->render('dashboard/index', [], true)
10 APPPATH\Controllers\Dashboard.php(9): view('dashboard/index')
11 SYSTEMPATH\CodeIgniter.php(933): App\Controllers\Dashboard->index()
12 SYSTEMPATH\CodeIgniter.php(507): CodeIgniter\CodeIgniter->runController(Object(App\Controllers\Dashboard))
13 SYSTEMPATH\CodeIgniter.php(354): CodeIgniter\CodeIgniter->handleRequest(null, Object(Config\Cache), false)
14 SYSTEMPATH\Boot.php(363): CodeIgniter\CodeIgniter->run()
15 SYSTEMPATH\Boot.php(68): CodeIgniter\Boot::runCodeIgniter(Object(CodeIgniter\CodeIgniter))
16 FCPATH\index.php(59): CodeIgniter\Boot::bootWeb(Object(Config\Paths))
CRITICAL - 2025-09-25 07:12:37 --> Error: Xdebug has detected a possible infinite loop, and aborted your script with a stack depth of '512' frames
[Method: GET, Route: /]
in SYSTEMPATH\View\View.php on line 415.
 1 SYSTEMPATH\View\View.php(415): ob_start()
 2 APPPATH\Views\dashboard\index.php(3): CodeIgniter\View\View->section('content')
 3 SYSTEMPATH\View\View.php(226): include('C:\\wamp64\\www\\ejoining\\app\\Views\\dashboard\\index.php')
 4 SYSTEMPATH\View\View.php(229): CodeIgniter\View\View->CodeIgniter\View\{closure}()
 5 SYSTEMPATH\View\View.php(242): CodeIgniter\View\View->render('dashboard/index', [], true)
 6 SYSTEMPATH\View\View.php(242): CodeIgniter\View\View->render('dashboard/index', [], true)
 7 SYSTEMPATH\View\View.php(242): CodeIgniter\View\View->render('dashboard/index', [], true)
 8 SYSTEMPATH\View\View.php(242): CodeIgniter\View\View->render('dashboard/index', [], true)
 9 SYSTEMPATH\View\View.php(242): CodeIgniter\View\View->render('dashboard/index', [], true)
10 SYSTEMPATH\View\View.php(242): CodeIgniter\View\View->render('dashboard/index', [], true)
11 SYSTEMPATH\View\View.php(242): CodeIgniter\View\View->render('dashboard/index', [], true)
12 SYSTEMPATH\View\View.php(242): CodeIgniter\View\View->render('dashboard/index', [], true)
13 SYSTEMPATH\View\View.php(242): CodeIgniter\View\View->render('dashboard/index', [], true)
14 SYSTEMPATH\View\View.php(242): CodeIgniter\View\View->render('dashboard/index', [], true)
15 SYSTEMPATH\View\View.php(242): CodeIgniter\View\View->render('dashboard/index', [], true)
16 SYSTEMPATH\View\View.php(242): CodeIgniter\View\View->render('dashboard/index', [], true)
17 SYSTEMPATH\View\View.php(242): CodeIgniter\View\View->render('dashboard/index', [], true)
18 SYSTEMPATH\View\View.php(242): CodeIgniter\View\View->render('dashboard/index', [], true)
19 SYSTEMPATH\View\View.php(242): CodeIgniter\View\View->render('dashboard/index', [], true)
20 SYSTEMPATH\View\View.php(242): CodeIgniter\View\View->render('dashboard/index', [], true)
21 SYSTEMPATH\View\View.php(242): CodeIgniter\View\View->render('dashboard/index', [], true)
22 SYSTEMPATH\View\View.php(242): CodeIgniter\View\View->render('dashboard/index', [], true)
23 SYSTEMPATH\View\View.php(242): CodeIgniter\View\View->render('dashboard/index', [], true)
24 SYSTEMPATH\View\View.php(242): CodeIgniter\View\View->render('dashboard/index', [], true)
25 SYSTEMPATH\View\View.php(242): CodeIgniter\View\View->render('dashboard/index', [], true)
26 SYSTEMPATH\View\View.php(242): CodeIgniter\View\View->render('dashboard/index', [], true)
27 SYSTEMPATH\View\View.php(242): CodeIgniter\View\View->render('dashboard/index', [], true)
28 SYSTEMPATH\View\View.php(242): CodeIgniter\View\View->render('dashboard/index', [], true)
29 SYSTEMPATH\View\View.php(242): CodeIgniter\View\View->render('dashboard/index', [], true)
30 SYSTEMPATH\View\View.php(242): CodeIgniter\View\View->render('dashboard/index', [], true)
31 SYSTEMPATH\View\View.php(242): CodeIgniter\View\View->render('dashboard/index', [], true)
32 SYSTEMPATH\View\View.php(242): CodeIgniter\View\View->render('dashboard/index', [], true)
33 SYSTEMPATH\View\View.php(242): CodeIgniter\View\View->render('dashboard/index', [], true)
34 SYSTEMPATH\View\View.php(242): CodeIgniter\View\View->render('dashboard/index', [], true)
35 SYSTEMPATH\View\View.php(242): CodeIgniter\View\View->render('dashboard/index', [], true)
36 SYSTEMPATH\View\View.php(242): CodeIgniter\View\View->render('dashboard/index', [], true)
37 SYSTEMPATH\View\View.php(242): CodeIgniter\View\View->render('dashboard/index', [], true)
38 SYSTEMPATH\View\View.php(242): CodeIgniter\View\View->render('dashboard/index', [], true)
39 SYSTEMPATH\View\View.php(242): CodeIgniter\View\View->render('dashboard/index', [], true)
40 SYSTEMPATH\View\View.php(242): CodeIgniter\View\View->render('dashboard/index', [], true)
41 SYSTEMPATH\View\View.php(242): CodeIgniter\View\View->render('dashboard/index', [], true)
42 SYSTEMPATH\View\View.php(242): CodeIgniter\View\View->render('dashboard/index', [], true)
43 SYSTEMPATH\View\View.php(242): CodeIgniter\View\View->render('dashboard/index', [], true)
44 SYSTEMPATH\View\View.php(242): CodeIgniter\View\View->render('dashboard/index', [], true)
45 SYSTEMPATH\View\View.php(242): CodeIgniter\View\View->render('dashboard/index', [], true)
46 SYSTEMPATH\View\View.php(242): CodeIgniter\View\View->render('dashboard/index', [], true)
47 SYSTEMPATH\View\View.php(242): CodeIgniter\View\View->render('dashboard/index', [], true)
48 SYSTEMPATH\View\View.php(242): CodeIgniter\View\View->render('dashboard/index', [], true)
49 SYSTEMPATH\View\View.php(242): CodeIgniter\View\View->render('dashboard/index', [], true)
50 SYSTEMPATH\View\View.php(242): CodeIgniter\View\View->render('dashboard/index', [], true)
51 SYSTEMPATH\View\View.php(242): CodeIgniter\View\View->render('dashboard/index', [], true)
52 SYSTEMPATH\View\View.php(242): CodeIgniter\View\View->render('dashboard/index', [], true)
53 SYSTEMPATH\View\View.php(242): CodeIgniter\View\View->render('dashboard/index', [], true)
54 SYSTEMPATH\View\View.php(242): CodeIgniter\View\View->render('dashboard/index', [], true)
55 SYSTEMPATH\View\View.php(242): CodeIgniter\View\View->render('dashboard/index', [], true)
56 SYSTEMPATH\View\View.php(242): CodeIgniter\View\View->render('dashboard/index', [], true)
57 SYSTEMPATH\View\View.php(242): CodeIgniter\View\View->render('dashboard/index', [], true)
58 SYSTEMPATH\View\View.php(242): CodeIgniter\View\View->render('dashboard/index', [], true)
59 SYSTEMPATH\View\View.php(242): CodeIgniter\View\View->render('dashboard/index', [], true)
60 SYSTEMPATH\View\View.php(242): CodeIgniter\View\View->render('dashboard/index', [], true)
61 SYSTEMPATH\View\View.php(242): CodeIgniter\View\View->render('dashboard/index', [], true)
62 SYSTEMPATH\View\View.php(242): CodeIgniter\View\View->render('dashboard/index', [], true)
63 SYSTEMPATH\View\View.php(242): CodeIgniter\View\View->render('dashboard/index', [], true)
64 SYSTEMPATH\View\View.php(242): CodeIgniter\View\View->render('dashboard/index', [], true)
65 SYSTEMPATH\View\View.php(242): CodeIgniter\View\View->render('dashboard/index', [], true)
66 SYSTEMPATH\View\View.php(242): CodeIgniter\View\View->render('dashboard/index', [], true)
67 SYSTEMPATH\View\View.php(242): CodeIgniter\View\View->render('dashboard/index', [], true)
68 SYSTEMPATH\View\View.php(242): CodeIgniter\View\View->render('dashboard/index', [], true)
69 SYSTEMPATH\View\View.php(242): CodeIgniter\View\View->render('dashboard/index', [], true)
70 SYSTEMPATH\View\View.php(242): CodeIgniter\View\View->render('dashboard/index', [], true)
71 SYSTEMPATH\View\View.php(242): CodeIgniter\View\View->render('dashboard/index', [], true)
72 SYSTEMPATH\View\View.php(242): CodeIgniter\View\View->render('dashboard/index', [], true)
73 SYSTEMPATH\View\View.php(242): CodeIgniter\View\View->render('dashboard/index', [], true)
74 SYSTEMPATH\View\View.php(242): CodeIgniter\View\View->render('dashboard/index', [], true)
75 SYSTEMPATH\View\View.php(242): CodeIgniter\View\View->render('dashboard/index', [], true)
76 SYSTEMPATH\View\View.php(242): CodeIgniter\View\View->render('dashboard/index', [], true)
77 SYSTEMPATH\View\View.php(242): CodeIgniter\View\View->render('dashboard/index', [], true)
78 SYSTEMPATH\View\View.php(242): CodeIgniter\View\View->render('dashboard/index', [], true)
79 SYSTEMPATH\View\View.php(242): CodeIgniter\View\View->render('dashboard/index', [], true)
80 SYSTEMPATH\View\View.php(242): CodeIgniter\View\View->render('dashboard/index', [], true)
81 SYSTEMPATH\View\View.php(242): CodeIgniter\View\View->render('dashboard/index', [], true)
82 SYSTEMPATH\View\View.php(242): CodeIgniter\View\View->render('dashboard/index', [], true)
83 SYSTEMPATH\View\View.php(242): CodeIgniter\View\View->render('dashboard/index', [], true)
84 SYSTEMPATH\View\View.php(242): CodeIgniter\View\View->render('dashboard/index', [], true)
85 SYSTEMPATH\View\View.php(242): CodeIgniter\View\View->render('dashboard/index', [], true)
86 SYSTEMPATH\View\View.php(242): CodeIgniter\View\View->render('dashboard/index', [], true)
87 SYSTEMPATH\View\View.php(242): CodeIgniter\View\View->render('dashboard/index', [], true)
88 SYSTEMPATH\View\View.php(242): CodeIgniter\View\View->render('dashboard/index', [], true)
89 SYSTEMPATH\View\View.php(242): CodeIgniter\View\View->render('dashboard/index', [], true)
90 SYSTEMPATH\View\View.php(242): CodeIgniter\View\View->render('dashboard/index', [], true)
91 SYSTEMPATH\View\View.php(242): CodeIgniter\View\View->render('dashboard/index', [], true)
92 SYSTEMPATH\View\View.php(242): CodeIgniter\View\View->render('dashboard/index', [], true)
93 SYSTEMPATH\View\View.php(242): CodeIgniter\View\View->render('dashboard/index', [], true)
94 SYSTEMPATH\View\View.php(242): CodeIgniter\View\View->render('dashboard/index', [], true)
95 SYSTEMPATH\View\View.php(242): CodeIgniter\View\View->render('dashboard/index', [], true)
96 SYSTEMPATH\View\View.php(242): CodeIgniter\View\View->render('dashboard/index', [], true)
97 SYSTEMPATH\View\View.php(242): CodeIgniter\View\View->render('dashboard/index', [], true)
98 SYSTEMPATH\View\View.php(242): CodeIgniter\View\View->render('dashboard/index', [], true)
99 SYSTEMPATH\View\View.php(242): CodeIgniter\View\View->render('dashboard/index', [], true)
100 SYSTEMPATH\View\View.php(242): CodeIgniter\View\View->render('dashboard/index', [], true)
101 SYSTEMPATH\View\View.php(242): CodeIgniter\View\View->render('dashboard/index', [], true)
102 SYSTEMPATH\View\View.php(242): CodeIgniter\View\View->render('dashboard/index', [], true)
103 SYSTEMPATH\View\View.php(242): CodeIgniter\View\View->render('dashboard/index', [], true)
104 SYSTEMPATH\View\View.php(242): CodeIgniter\View\View->render('dashboard/index', [], true)
105 SYSTEMPATH\View\View.php(242): CodeIgniter\View\View->render('dashboard/index', [], true)
106 SYSTEMPATH\View\View.php(242): CodeIgniter\View\View->render('dashboard/index', [], true)
107 SYSTEMPATH\View\View.php(242): CodeIgniter\View\View->render('dashboard/index', [], true)
108 SYSTEMPATH\View\View.php(242): CodeIgniter\View\View->render('dashboard/index', [], true)
109 SYSTEMPATH\View\View.php(242): CodeIgniter\View\View->render('dashboard/index', [], true)
110 SYSTEMPATH\View\View.php(242): CodeIgniter\View\View->render('dashboard/index', [], true)
111 SYSTEMPATH\View\View.php(242): CodeIgniter\View\View->render('dashboard/index', [], true)
112 SYSTEMPATH\View\View.php(242): CodeIgniter\View\View->render('dashboard/index', [], true)
113 SYSTEMPATH\View\View.php(242): CodeIgniter\View\View->render('dashboard/index', [], true)
114 SYSTEMPATH\View\View.php(242): CodeIgniter\View\View->render('dashboard/index', [], true)
115 SYSTEMPATH\View\View.php(242): CodeIgniter\View\View->render('dashboard/index', [], true)
116 SYSTEMPATH\View\View.php(242): CodeIgniter\View\View->render('dashboard/index', [], true)
117 SYSTEMPATH\View\View.php(242): CodeIgniter\View\View->render('dashboard/index', [], true)
118 SYSTEMPATH\View\View.php(242): CodeIgniter\View\View->render('dashboard/index', [], true)
119 SYSTEMPATH\View\View.php(242): CodeIgniter\View\View->render('dashboard/index', [], true)
120 SYSTEMPATH\View\View.php(242): CodeIgniter\View\View->render('dashboard/index', [], true)
121 SYSTEMPATH\View\View.php(242): CodeIgniter\View\View->render('dashboard/index', [], true)
122 SYSTEMPATH\View\View.php(242): CodeIgniter\View\View->render('dashboard/index', [], true)
123 SYSTEMPATH\View\View.php(242): CodeIgniter\View\View->render('dashboard/index', [], true)
124 SYSTEMPATH\View\View.php(242): CodeIgniter\View\View->render('dashboard/index', [], true)
125 SYSTEMPATH\View\View.php(242): CodeIgniter\View\View->render('dashboard/index', [], true)
126 SYSTEMPATH\View\View.php(242): CodeIgniter\View\View->render('dashboard/index', [], true)
127 SYSTEMPATH\View\View.php(242): CodeIgniter\View\View->render('dashboard/index', [], true)
128 SYSTEMPATH\View\View.php(242): CodeIgniter\View\View->render('dashboard/index', [], true)
129 SYSTEMPATH\View\View.php(242): CodeIgniter\View\View->render('dashboard/index', [], true)
130 SYSTEMPATH\View\View.php(242): CodeIgniter\View\View->render('dashboard/index', [], true)
131 SYSTEMPATH\View\View.php(242): CodeIgniter\View\View->render('dashboard/index', [], true)
132 SYSTEMPATH\View\View.php(242): CodeIgniter\View\View->render('dashboard/index', [], true)
133 SYSTEMPATH\View\View.php(242): CodeIgniter\View\View->render('dashboard/index', [], true)
134 SYSTEMPATH\View\View.php(242): CodeIgniter\View\View->render('dashboard/index', [], true)
135 SYSTEMPATH\View\View.php(242): CodeIgniter\View\View->render('dashboard/index', [], true)
136 SYSTEMPATH\View\View.php(242): CodeIgniter\View\View->render('dashboard/index', [], true)
137 SYSTEMPATH\View\View.php(242): CodeIgniter\View\View->render('dashboard/index', [], true)
138 SYSTEMPATH\View\View.php(242): CodeIgniter\View\View->render('dashboard/index', [], true)
139 SYSTEMPATH\View\View.php(242): CodeIgniter\View\View->render('dashboard/index', [], true)
140 SYSTEMPATH\View\View.php(242): CodeIgniter\View\View->render('dashboard/index', [], true)
141 SYSTEMPATH\View\View.php(242): CodeIgniter\View\View->render('dashboard/index', [], true)
142 SYSTEMPATH\View\View.php(242): CodeIgniter\View\View->render('dashboard/index', [], true)
143 SYSTEMPATH\View\View.php(242): CodeIgniter\View\View->render('dashboard/index', [], true)
144 SYSTEMPATH\View\View.php(242): CodeIgniter\View\View->render('dashboard/index', [], true)
145 SYSTEMPATH\View\View.php(242): CodeIgniter\View\View->render('dashboard/index', [], true)
146 SYSTEMPATH\View\View.php(242): CodeIgniter\View\View->render('dashboard/index', [], true)
147 SYSTEMPATH\View\View.php(242): CodeIgniter\View\View->render('dashboard/index', [], true)
148 SYSTEMPATH\View\View.php(242): CodeIgniter\View\View->render('dashboard/index', [], true)
149 SYSTEMPATH\View\View.php(242): CodeIgniter\View\View->render('dashboard/index', [], true)
150 SYSTEMPATH\View\View.php(242): CodeIgniter\View\View->render('dashboard/index', [], true)
151 SYSTEMPATH\View\View.php(242): CodeIgniter\View\View->render('dashboard/index', [], true)
152 SYSTEMPATH\View\View.php(242): CodeIgniter\View\View->render('dashboard/index', [], true)
153 SYSTEMPATH\View\View.php(242): CodeIgniter\View\View->render('dashboard/index', [], true)
154 SYSTEMPATH\View\View.php(242): CodeIgniter\View\View->render('dashboard/index', [], true)
155 SYSTEMPATH\View\View.php(242): CodeIgniter\View\View->render('dashboard/index', [], true)
156 SYSTEMPATH\View\View.php(242): CodeIgniter\View\View->render('dashboard/index', [], true)
157 SYSTEMPATH\View\View.php(242): CodeIgniter\View\View->render('dashboard/index', [], true)
158 SYSTEMPATH\View\View.php(242): CodeIgniter\View\View->render('dashboard/index', [], true)
159 SYSTEMPATH\View\View.php(242): CodeIgniter\View\View->render('dashboard/index', [], true)
160 SYSTEMPATH\View\View.php(242): CodeIgniter\View\View->render('dashboard/index', [], true)
161 SYSTEMPATH\View\View.php(242): CodeIgniter\View\View->render('dashboard/index', [], true)
162 SYSTEMPATH\View\View.php(242): CodeIgniter\View\View->render('dashboard/index', [], true)
163 SYSTEMPATH\View\View.php(242): CodeIgniter\View\View->render('dashboard/index', [], true)
164 SYSTEMPATH\View\View.php(242): CodeIgniter\View\View->render('dashboard/index', [], true)
165 SYSTEMPATH\View\View.php(242): CodeIgniter\View\View->render('dashboard/index', [], true)
166 SYSTEMPATH\View\View.php(242): CodeIgniter\View\View->render('dashboard/index', [], true)
167 SYSTEMPATH\View\View.php(242): CodeIgniter\View\View->render('dashboard/index', [], true)
168 SYSTEMPATH\View\View.php(242): CodeIgniter\View\View->render('dashboard/index', [], true)
169 SYSTEMPATH\View\View.php(242): CodeIgniter\View\View->render('dashboard/index', [], true)
170 SYSTEMPATH\View\View.php(242): CodeIgniter\View\View->render('dashboard/index', [], true)
171 SYSTEMPATH\View\View.php(242): CodeIgniter\View\View->render('dashboard/index', [], true)
172 SYSTEMPATH\View\View.php(242): CodeIgniter\View\View->render('dashboard/index', [], true)
173 SYSTEMPATH\View\View.php(242): CodeIgniter\View\View->render('dashboard/index', [], true)
174 SYSTEMPATH\View\View.php(242): CodeIgniter\View\View->render('dashboard/index', [], true)
175 SYSTEMPATH\View\View.php(242): CodeIgniter\View\View->render('dashboard/index', [], true)
176 SYSTEMPATH\View\View.php(242): CodeIgniter\View\View->render('dashboard/index', [], true)
177 SYSTEMPATH\View\View.php(242): CodeIgniter\View\View->render('dashboard/index', [], true)
178 SYSTEMPATH\View\View.php(242): CodeIgniter\View\View->render('dashboard/index', [], true)
179 SYSTEMPATH\View\View.php(242): CodeIgniter\View\View->render('dashboard/index', [], true)
180 SYSTEMPATH\View\View.php(242): CodeIgniter\View\View->render('dashboard/index', [], true)
181 SYSTEMPATH\View\View.php(242): CodeIgniter\View\View->render('dashboard/index', [], true)
182 SYSTEMPATH\View\View.php(242): CodeIgniter\View\View->render('dashboard/index', [], true)
183 SYSTEMPATH\View\View.php(242): CodeIgniter\View\View->render('dashboard/index', [], true)
184 SYSTEMPATH\View\View.php(242): CodeIgniter\View\View->render('dashboard/index', [], true)
185 SYSTEMPATH\View\View.php(242): CodeIgniter\View\View->render('dashboard/index', [], true)
186 SYSTEMPATH\View\View.php(242): CodeIgniter\View\View->render('dashboard/index', [], true)
187 SYSTEMPATH\View\View.php(242): CodeIgniter\View\View->render('dashboard/index', [], true)
188 SYSTEMPATH\View\View.php(242): CodeIgniter\View\View->render('dashboard/index', [], true)
189 SYSTEMPATH\View\View.php(242): CodeIgniter\View\View->render('dashboard/index', [], true)
190 SYSTEMPATH\View\View.php(242): CodeIgniter\View\View->render('dashboard/index', [], true)
191 SYSTEMPATH\View\View.php(242): CodeIgniter\View\View->render('dashboard/index', [], true)
192 SYSTEMPATH\View\View.php(242): CodeIgniter\View\View->render('dashboard/index', [], true)
193 SYSTEMPATH\View\View.php(242): CodeIgniter\View\View->render('dashboard/index', [], true)
194 SYSTEMPATH\View\View.php(242): CodeIgniter\View\View->render('dashboard/index', [], true)
195 SYSTEMPATH\View\View.php(242): CodeIgniter\View\View->render('dashboard/index', [], true)
196 SYSTEMPATH\View\View.php(242): CodeIgniter\View\View->render('dashboard/index', [], true)
197 SYSTEMPATH\View\View.php(242): CodeIgniter\View\View->render('dashboard/index', [], true)
198 SYSTEMPATH\View\View.php(242): CodeIgniter\View\View->render('dashboard/index', [], true)
199 SYSTEMPATH\View\View.php(242): CodeIgniter\View\View->render('dashboard/index', [], true)
200 SYSTEMPATH\View\View.php(242): CodeIgniter\View\View->render('dashboard/index', [], true)
201 SYSTEMPATH\View\View.php(242): CodeIgniter\View\View->render('dashboard/index', [], true)
202 SYSTEMPATH\View\View.php(242): CodeIgniter\View\View->render('dashboard/index', [], true)
203 SYSTEMPATH\View\View.php(242): CodeIgniter\View\View->render('dashboard/index', [], true)
204 SYSTEMPATH\View\View.php(242): CodeIgniter\View\View->render('dashboard/index', [], true)
205 SYSTEMPATH\View\View.php(242): CodeIgniter\View\View->render('dashboard/index', [], true)
206 SYSTEMPATH\View\View.php(242): CodeIgniter\View\View->render('dashboard/index', [], true)
207 SYSTEMPATH\View\View.php(242): CodeIgniter\View\View->render('dashboard/index', [], true)
208 SYSTEMPATH\View\View.php(242): CodeIgniter\View\View->render('dashboard/index', [], true)
209 SYSTEMPATH\View\View.php(242): CodeIgniter\View\View->render('dashboard/index', [], true)
210 SYSTEMPATH\View\View.php(242): CodeIgniter\View\View->render('dashboard/index', [], true)
211 SYSTEMPATH\View\View.php(242): CodeIgniter\View\View->render('dashboard/index', [], true)
212 SYSTEMPATH\View\View.php(242): CodeIgniter\View\View->render('dashboard/index', [], true)
213 SYSTEMPATH\View\View.php(242): CodeIgniter\View\View->render('dashboard/index', [], true)
214 SYSTEMPATH\View\View.php(242): CodeIgniter\View\View->render('dashboard/index', [], true)
215 SYSTEMPATH\View\View.php(242): CodeIgniter\View\View->render('dashboard/index', [], true)
216 SYSTEMPATH\View\View.php(242): CodeIgniter\View\View->render('dashboard/index', [], true)
217 SYSTEMPATH\View\View.php(242): CodeIgniter\View\View->render('dashboard/index', [], true)
218 SYSTEMPATH\View\View.php(242): CodeIgniter\View\View->render('dashboard/index', [], true)
219 SYSTEMPATH\View\View.php(242): CodeIgniter\View\View->render('dashboard/index', [], true)
220 SYSTEMPATH\View\View.php(242): CodeIgniter\View\View->render('dashboard/index', [], true)
221 SYSTEMPATH\View\View.php(242): CodeIgniter\View\View->render('dashboard/index', [], true)
222 SYSTEMPATH\View\View.php(242): CodeIgniter\View\View->render('dashboard/index', [], true)
223 SYSTEMPATH\View\View.php(242): CodeIgniter\View\View->render('dashboard/index', [], true)
224 SYSTEMPATH\View\View.php(242): CodeIgniter\View\View->render('dashboard/index', [], true)
225 SYSTEMPATH\View\View.php(242): CodeIgniter\View\View->render('dashboard/index', [], true)
226 SYSTEMPATH\View\View.php(242): CodeIgniter\View\View->render('dashboard/index', [], true)
227 SYSTEMPATH\View\View.php(242): CodeIgniter\View\View->render('dashboard/index', [], true)
228 SYSTEMPATH\View\View.php(242): CodeIgniter\View\View->render('dashboard/index', [], true)
229 SYSTEMPATH\View\View.php(242): CodeIgniter\View\View->render('dashboard/index', [], true)
230 SYSTEMPATH\View\View.php(242): CodeIgniter\View\View->render('dashboard/index', [], true)
231 SYSTEMPATH\View\View.php(242): CodeIgniter\View\View->render('dashboard/index', [], true)
232 SYSTEMPATH\View\View.php(242): CodeIgniter\View\View->render('dashboard/index', [], true)
233 SYSTEMPATH\View\View.php(242): CodeIgniter\View\View->render('dashboard/index', [], true)
234 SYSTEMPATH\View\View.php(242): CodeIgniter\View\View->render('dashboard/index', [], true)
235 SYSTEMPATH\View\View.php(242): CodeIgniter\View\View->render('dashboard/index', [], true)
236 SYSTEMPATH\View\View.php(242): CodeIgniter\View\View->render('dashboard/index', [], true)
237 SYSTEMPATH\View\View.php(242): CodeIgniter\View\View->render('dashboard/index', [], true)
238 SYSTEMPATH\View\View.php(242): CodeIgniter\View\View->render('dashboard/index', [], true)
239 SYSTEMPATH\View\View.php(242): CodeIgniter\View\View->render('dashboard/index', [], true)
240 SYSTEMPATH\View\View.php(242): CodeIgniter\View\View->render('dashboard/index', [], true)
241 SYSTEMPATH\View\View.php(242): CodeIgniter\View\View->render('dashboard/index', [], true)
242 SYSTEMPATH\View\View.php(242): CodeIgniter\View\View->render('dashboard/index', [], true)
243 SYSTEMPATH\View\View.php(242): CodeIgniter\View\View->render('dashboard/index', [], true)
244 SYSTEMPATH\View\View.php(242): CodeIgniter\View\View->render('dashboard/index', [], true)
245 SYSTEMPATH\View\View.php(242): CodeIgniter\View\View->render('dashboard/index', [], true)
246 SYSTEMPATH\View\View.php(242): CodeIgniter\View\View->render('dashboard/index', [], true)
247 SYSTEMPATH\View\View.php(242): CodeIgniter\View\View->render('dashboard/index', [], true)
248 SYSTEMPATH\View\View.php(242): CodeIgniter\View\View->render('dashboard/index', [], true)
249 SYSTEMPATH\View\View.php(242): CodeIgniter\View\View->render('dashboard/index', [], true)
250 SYSTEMPATH\View\View.php(242): CodeIgniter\View\View->render('dashboard/index', [], true)
251 SYSTEMPATH\View\View.php(242): CodeIgniter\View\View->render('dashboard/index', [], true)
252 SYSTEMPATH\View\View.php(242): CodeIgniter\View\View->render('dashboard/index', [], true)
253 SYSTEMPATH\View\View.php(242): CodeIgniter\View\View->render('dashboard/index', [], true)
254 SYSTEMPATH\View\View.php(242): CodeIgniter\View\View->render('dashboard/index', [], true)
255 SYSTEMPATH\View\View.php(242): CodeIgniter\View\View->render('dashboard/index', [], true)
256 SYSTEMPATH\View\View.php(242): CodeIgniter\View\View->render('dashboard/index', [], true)
257 SYSTEMPATH\View\View.php(242): CodeIgniter\View\View->render('dashboard/index', [], true)
258 SYSTEMPATH\View\View.php(242): CodeIgniter\View\View->render('dashboard/index', [], true)
259 SYSTEMPATH\View\View.php(242): CodeIgniter\View\View->render('dashboard/index', [], true)
260 SYSTEMPATH\View\View.php(242): CodeIgniter\View\View->render('dashboard/index', [], true)
261 SYSTEMPATH\View\View.php(242): CodeIgniter\View\View->render('dashboard/index', [], true)
262 SYSTEMPATH\View\View.php(242): CodeIgniter\View\View->render('dashboard/index', [], true)
263 SYSTEMPATH\View\View.php(242): CodeIgniter\View\View->render('dashboard/index', [], true)
264 SYSTEMPATH\View\View.php(242): CodeIgniter\View\View->render('dashboard/index', [], true)
265 SYSTEMPATH\View\View.php(242): CodeIgniter\View\View->render('dashboard/index', [], true)
266 SYSTEMPATH\View\View.php(242): CodeIgniter\View\View->render('dashboard/index', [], true)
267 SYSTEMPATH\View\View.php(242): CodeIgniter\View\View->render('dashboard/index', [], true)
268 SYSTEMPATH\View\View.php(242): CodeIgniter\View\View->render('dashboard/index', [], true)
269 SYSTEMPATH\View\View.php(242): CodeIgniter\View\View->render('dashboard/index', [], true)
270 SYSTEMPATH\View\View.php(242): CodeIgniter\View\View->render('dashboard/index', [], true)
271 SYSTEMPATH\View\View.php(242): CodeIgniter\View\View->render('dashboard/index', [], true)
272 SYSTEMPATH\View\View.php(242): CodeIgniter\View\View->render('dashboard/index', [], true)
273 SYSTEMPATH\View\View.php(242): CodeIgniter\View\View->render('dashboard/index', [], true)
274 SYSTEMPATH\View\View.php(242): CodeIgniter\View\View->render('dashboard/index', [], true)
275 SYSTEMPATH\View\View.php(242): CodeIgniter\View\View->render('dashboard/index', [], true)
276 SYSTEMPATH\View\View.php(242): CodeIgniter\View\View->render('dashboard/index', [], true)
277 SYSTEMPATH\View\View.php(242): CodeIgniter\View\View->render('dashboard/index', [], true)
278 SYSTEMPATH\View\View.php(242): CodeIgniter\View\View->render('dashboard/index', [], true)
279 SYSTEMPATH\View\View.php(242): CodeIgniter\View\View->render('dashboard/index', [], true)
280 SYSTEMPATH\View\View.php(242): CodeIgniter\View\View->render('dashboard/index', [], true)
281 SYSTEMPATH\View\View.php(242): CodeIgniter\View\View->render('dashboard/index', [], true)
282 SYSTEMPATH\View\View.php(242): CodeIgniter\View\View->render('dashboard/index', [], true)
283 SYSTEMPATH\View\View.php(242): CodeIgniter\View\View->render('dashboard/index', [], true)
284 SYSTEMPATH\View\View.php(242): CodeIgniter\View\View->render('dashboard/index', [], true)
285 SYSTEMPATH\View\View.php(242): CodeIgniter\View\View->render('dashboard/index', [], true)
286 SYSTEMPATH\View\View.php(242): CodeIgniter\View\View->render('dashboard/index', [], true)
287 SYSTEMPATH\View\View.php(242): CodeIgniter\View\View->render('dashboard/index', [], true)
288 SYSTEMPATH\View\View.php(242): CodeIgniter\View\View->render('dashboard/index', [], true)
289 SYSTEMPATH\View\View.php(242): CodeIgniter\View\View->render('dashboard/index', [], true)
290 SYSTEMPATH\View\View.php(242): CodeIgniter\View\View->render('dashboard/index', [], true)
291 SYSTEMPATH\View\View.php(242): CodeIgniter\View\View->render('dashboard/index', [], true)
292 SYSTEMPATH\View\View.php(242): CodeIgniter\View\View->render('dashboard/index', [], true)
293 SYSTEMPATH\View\View.php(242): CodeIgniter\View\View->render('dashboard/index', [], true)
294 SYSTEMPATH\View\View.php(242): CodeIgniter\View\View->render('dashboard/index', [], true)
295 SYSTEMPATH\View\View.php(242): CodeIgniter\View\View->render('dashboard/index', [], true)
296 SYSTEMPATH\View\View.php(242): CodeIgniter\View\View->render('dashboard/index', [], true)
297 SYSTEMPATH\View\View.php(242): CodeIgniter\View\View->render('dashboard/index', [], true)
298 SYSTEMPATH\View\View.php(242): CodeIgniter\View\View->render('dashboard/index', [], true)
299 SYSTEMPATH\View\View.php(242): CodeIgniter\View\View->render('dashboard/index', [], true)
300 SYSTEMPATH\View\View.php(242): CodeIgniter\View\View->render('dashboard/index', [], true)
301 SYSTEMPATH\View\View.php(242): CodeIgniter\View\View->render('dashboard/index', [], true)
302 SYSTEMPATH\View\View.php(242): CodeIgniter\View\View->render('dashboard/index', [], true)
303 SYSTEMPATH\View\View.php(242): CodeIgniter\View\View->render('dashboard/index', [], true)
304 SYSTEMPATH\View\View.php(242): CodeIgniter\View\View->render('dashboard/index', [], true)
305 SYSTEMPATH\View\View.php(242): CodeIgniter\View\View->render('dashboard/index', [], true)
306 SYSTEMPATH\View\View.php(242): CodeIgniter\View\View->render('dashboard/index', [], true)
307 SYSTEMPATH\View\View.php(242): CodeIgniter\View\View->render('dashboard/index', [], true)
308 SYSTEMPATH\View\View.php(242): CodeIgniter\View\View->render('dashboard/index', [], true)
309 SYSTEMPATH\View\View.php(242): CodeIgniter\View\View->render('dashboard/index', [], true)
310 SYSTEMPATH\View\View.php(242): CodeIgniter\View\View->render('dashboard/index', [], true)
311 SYSTEMPATH\View\View.php(242): CodeIgniter\View\View->render('dashboard/index', [], true)
312 SYSTEMPATH\View\View.php(242): CodeIgniter\View\View->render('dashboard/index', [], true)
313 SYSTEMPATH\View\View.php(242): CodeIgniter\View\View->render('dashboard/index', [], true)
314 SYSTEMPATH\View\View.php(242): CodeIgniter\View\View->render('dashboard/index', [], true)
315 SYSTEMPATH\View\View.php(242): CodeIgniter\View\View->render('dashboard/index', [], true)
316 SYSTEMPATH\View\View.php(242): CodeIgniter\View\View->render('dashboard/index', [], true)
317 SYSTEMPATH\View\View.php(242): CodeIgniter\View\View->render('dashboard/index', [], true)
318 SYSTEMPATH\View\View.php(242): CodeIgniter\View\View->render('dashboard/index', [], true)
319 SYSTEMPATH\View\View.php(242): CodeIgniter\View\View->render('dashboard/index', [], true)
320 SYSTEMPATH\View\View.php(242): CodeIgniter\View\View->render('dashboard/index', [], true)
321 SYSTEMPATH\View\View.php(242): CodeIgniter\View\View->render('dashboard/index', [], true)
322 SYSTEMPATH\View\View.php(242): CodeIgniter\View\View->render('dashboard/index', [], true)
323 SYSTEMPATH\View\View.php(242): CodeIgniter\View\View->render('dashboard/index', [], true)
324 SYSTEMPATH\View\View.php(242): CodeIgniter\View\View->render('dashboard/index', [], true)
325 SYSTEMPATH\View\View.php(242): CodeIgniter\View\View->render('dashboard/index', [], true)
326 SYSTEMPATH\View\View.php(242): CodeIgniter\View\View->render('dashboard/index', [], true)
327 SYSTEMPATH\View\View.php(242): CodeIgniter\View\View->render('dashboard/index', [], true)
328 SYSTEMPATH\View\View.php(242): CodeIgniter\View\View->render('dashboard/index', [], true)
329 SYSTEMPATH\View\View.php(242): CodeIgniter\View\View->render('dashboard/index', [], true)
330 SYSTEMPATH\View\View.php(242): CodeIgniter\View\View->render('dashboard/index', [], true)
331 SYSTEMPATH\View\View.php(242): CodeIgniter\View\View->render('dashboard/index', [], true)
332 SYSTEMPATH\View\View.php(242): CodeIgniter\View\View->render('dashboard/index', [], true)
333 SYSTEMPATH\View\View.php(242): CodeIgniter\View\View->render('dashboard/index', [], true)
334 SYSTEMPATH\View\View.php(242): CodeIgniter\View\View->render('dashboard/index', [], true)
335 SYSTEMPATH\View\View.php(242): CodeIgniter\View\View->render('dashboard/index', [], true)
336 SYSTEMPATH\View\View.php(242): CodeIgniter\View\View->render('dashboard/index', [], true)
337 SYSTEMPATH\View\View.php(242): CodeIgniter\View\View->render('dashboard/index', [], true)
338 SYSTEMPATH\View\View.php(242): CodeIgniter\View\View->render('dashboard/index', [], true)
339 SYSTEMPATH\View\View.php(242): CodeIgniter\View\View->render('dashboard/index', [], true)
340 SYSTEMPATH\View\View.php(242): CodeIgniter\View\View->render('dashboard/index', [], true)
341 SYSTEMPATH\View\View.php(242): CodeIgniter\View\View->render('dashboard/index', [], true)
342 SYSTEMPATH\View\View.php(242): CodeIgniter\View\View->render('dashboard/index', [], true)
343 SYSTEMPATH\View\View.php(242): CodeIgniter\View\View->render('dashboard/index', [], true)
344 SYSTEMPATH\View\View.php(242): CodeIgniter\View\View->render('dashboard/index', [], true)
345 SYSTEMPATH\View\View.php(242): CodeIgniter\View\View->render('dashboard/index', [], true)
346 SYSTEMPATH\View\View.php(242): CodeIgniter\View\View->render('dashboard/index', [], true)
347 SYSTEMPATH\View\View.php(242): CodeIgniter\View\View->render('dashboard/index', [], true)
348 SYSTEMPATH\View\View.php(242): CodeIgniter\View\View->render('dashboard/index', [], true)
349 SYSTEMPATH\View\View.php(242): CodeIgniter\View\View->render('dashboard/index', [], true)
350 SYSTEMPATH\View\View.php(242): CodeIgniter\View\View->render('dashboard/index', [], true)
351 SYSTEMPATH\View\View.php(242): CodeIgniter\View\View->render('dashboard/index', [], true)
352 SYSTEMPATH\View\View.php(242): CodeIgniter\View\View->render('dashboard/index', [], true)
353 SYSTEMPATH\View\View.php(242): CodeIgniter\View\View->render('dashboard/index', [], true)
354 SYSTEMPATH\View\View.php(242): CodeIgniter\View\View->render('dashboard/index', [], true)
355 SYSTEMPATH\View\View.php(242): CodeIgniter\View\View->render('dashboard/index', [], true)
356 SYSTEMPATH\View\View.php(242): CodeIgniter\View\View->render('dashboard/index', [], true)
357 SYSTEMPATH\View\View.php(242): CodeIgniter\View\View->render('dashboard/index', [], true)
358 SYSTEMPATH\View\View.php(242): CodeIgniter\View\View->render('dashboard/index', [], true)
359 SYSTEMPATH\View\View.php(242): CodeIgniter\View\View->render('dashboard/index', [], true)
360 SYSTEMPATH\View\View.php(242): CodeIgniter\View\View->render('dashboard/index', [], true)
361 SYSTEMPATH\View\View.php(242): CodeIgniter\View\View->render('dashboard/index', [], true)
362 SYSTEMPATH\View\View.php(242): CodeIgniter\View\View->render('dashboard/index', [], true)
363 SYSTEMPATH\View\View.php(242): CodeIgniter\View\View->render('dashboard/index', [], true)
364 SYSTEMPATH\View\View.php(242): CodeIgniter\View\View->render('dashboard/index', [], true)
365 SYSTEMPATH\View\View.php(242): CodeIgniter\View\View->render('dashboard/index', [], true)
366 SYSTEMPATH\View\View.php(242): CodeIgniter\View\View->render('dashboard/index', [], true)
367 SYSTEMPATH\View\View.php(242): CodeIgniter\View\View->render('dashboard/index', [], true)
368 SYSTEMPATH\View\View.php(242): CodeIgniter\View\View->render('dashboard/index', [], true)
369 SYSTEMPATH\View\View.php(242): CodeIgniter\View\View->render('dashboard/index', [], true)
370 SYSTEMPATH\View\View.php(242): CodeIgniter\View\View->render('dashboard/index', [], true)
371 SYSTEMPATH\View\View.php(242): CodeIgniter\View\View->render('dashboard/index', [], true)
372 SYSTEMPATH\View\View.php(242): CodeIgniter\View\View->render('dashboard/index', [], true)
373 SYSTEMPATH\View\View.php(242): CodeIgniter\View\View->render('dashboard/index', [], true)
374 SYSTEMPATH\View\View.php(242): CodeIgniter\View\View->render('dashboard/index', [], true)
375 SYSTEMPATH\View\View.php(242): CodeIgniter\View\View->render('dashboard/index', [], true)
376 SYSTEMPATH\View\View.php(242): CodeIgniter\View\View->render('dashboard/index', [], true)
377 SYSTEMPATH\View\View.php(242): CodeIgniter\View\View->render('dashboard/index', [], true)
378 SYSTEMPATH\View\View.php(242): CodeIgniter\View\View->render('dashboard/index', [], true)
379 SYSTEMPATH\View\View.php(242): CodeIgniter\View\View->render('dashboard/index', [], true)
380 SYSTEMPATH\View\View.php(242): CodeIgniter\View\View->render('dashboard/index', [], true)
381 SYSTEMPATH\View\View.php(242): CodeIgniter\View\View->render('dashboard/index', [], true)
382 SYSTEMPATH\View\View.php(242): CodeIgniter\View\View->render('dashboard/index', [], true)
383 SYSTEMPATH\View\View.php(242): CodeIgniter\View\View->render('dashboard/index', [], true)
384 SYSTEMPATH\View\View.php(242): CodeIgniter\View\View->render('dashboard/index', [], true)
385 SYSTEMPATH\View\View.php(242): CodeIgniter\View\View->render('dashboard/index', [], true)
386 SYSTEMPATH\View\View.php(242): CodeIgniter\View\View->render('dashboard/index', [], true)
387 SYSTEMPATH\View\View.php(242): CodeIgniter\View\View->render('dashboard/index', [], true)
388 SYSTEMPATH\View\View.php(242): CodeIgniter\View\View->render('dashboard/index', [], true)
389 SYSTEMPATH\View\View.php(242): CodeIgniter\View\View->render('dashboard/index', [], true)
390 SYSTEMPATH\View\View.php(242): CodeIgniter\View\View->render('dashboard/index', [], true)
391 SYSTEMPATH\View\View.php(242): CodeIgniter\View\View->render('dashboard/index', [], true)
392 SYSTEMPATH\View\View.php(242): CodeIgniter\View\View->render('dashboard/index', [], true)
393 SYSTEMPATH\View\View.php(242): CodeIgniter\View\View->render('dashboard/index', [], true)
394 SYSTEMPATH\View\View.php(242): CodeIgniter\View\View->render('dashboard/index', [], true)
395 SYSTEMPATH\View\View.php(242): CodeIgniter\View\View->render('dashboard/index', [], true)
396 SYSTEMPATH\View\View.php(242): CodeIgniter\View\View->render('dashboard/index', [], true)
397 SYSTEMPATH\View\View.php(242): CodeIgniter\View\View->render('dashboard/index', [], true)
398 SYSTEMPATH\View\View.php(242): CodeIgniter\View\View->render('dashboard/index', [], true)
399 SYSTEMPATH\View\View.php(242): CodeIgniter\View\View->render('dashboard/index', [], true)
400 SYSTEMPATH\View\View.php(242): CodeIgniter\View\View->render('dashboard/index', [], true)
401 SYSTEMPATH\View\View.php(242): CodeIgniter\View\View->render('dashboard/index', [], true)
402 SYSTEMPATH\View\View.php(242): CodeIgniter\View\View->render('dashboard/index', [], true)
403 SYSTEMPATH\View\View.php(242): CodeIgniter\View\View->render('dashboard/index', [], true)
404 SYSTEMPATH\View\View.php(242): CodeIgniter\View\View->render('dashboard/index', [], true)
405 SYSTEMPATH\View\View.php(242): CodeIgniter\View\View->render('dashboard/index', [], true)
406 SYSTEMPATH\View\View.php(242): CodeIgniter\View\View->render('dashboard/index', [], true)
407 SYSTEMPATH\View\View.php(242): CodeIgniter\View\View->render('dashboard/index', [], true)
408 SYSTEMPATH\View\View.php(242): CodeIgniter\View\View->render('dashboard/index', [], true)
409 SYSTEMPATH\View\View.php(242): CodeIgniter\View\View->render('dashboard/index', [], true)
410 SYSTEMPATH\View\View.php(242): CodeIgniter\View\View->render('dashboard/index', [], true)
411 SYSTEMPATH\View\View.php(242): CodeIgniter\View\View->render('dashboard/index', [], true)
412 SYSTEMPATH\View\View.php(242): CodeIgniter\View\View->render('dashboard/index', [], true)
413 SYSTEMPATH\View\View.php(242): CodeIgniter\View\View->render('dashboard/index', [], true)
414 SYSTEMPATH\View\View.php(242): CodeIgniter\View\View->render('dashboard/index', [], true)
415 SYSTEMPATH\View\View.php(242): CodeIgniter\View\View->render('dashboard/index', [], true)
416 SYSTEMPATH\View\View.php(242): CodeIgniter\View\View->render('dashboard/index', [], true)
417 SYSTEMPATH\View\View.php(242): CodeIgniter\View\View->render('dashboard/index', [], true)
418 SYSTEMPATH\View\View.php(242): CodeIgniter\View\View->render('dashboard/index', [], true)
419 SYSTEMPATH\View\View.php(242): CodeIgniter\View\View->render('dashboard/index', [], true)
420 SYSTEMPATH\View\View.php(242): CodeIgniter\View\View->render('dashboard/index', [], true)
421 SYSTEMPATH\View\View.php(242): CodeIgniter\View\View->render('dashboard/index', [], true)
422 SYSTEMPATH\View\View.php(242): CodeIgniter\View\View->render('dashboard/index', [], true)
423 SYSTEMPATH\View\View.php(242): CodeIgniter\View\View->render('dashboard/index', [], true)
424 SYSTEMPATH\View\View.php(242): CodeIgniter\View\View->render('dashboard/index', [], true)
425 SYSTEMPATH\View\View.php(242): CodeIgniter\View\View->render('dashboard/index', [], true)
426 SYSTEMPATH\View\View.php(242): CodeIgniter\View\View->render('dashboard/index', [], true)
427 SYSTEMPATH\View\View.php(242): CodeIgniter\View\View->render('dashboard/index', [], true)
428 SYSTEMPATH\View\View.php(242): CodeIgniter\View\View->render('dashboard/index', [], true)
429 SYSTEMPATH\View\View.php(242): CodeIgniter\View\View->render('dashboard/index', [], true)
430 SYSTEMPATH\View\View.php(242): CodeIgniter\View\View->render('dashboard/index', [], true)
431 SYSTEMPATH\View\View.php(242): CodeIgniter\View\View->render('dashboard/index', [], true)
432 SYSTEMPATH\View\View.php(242): CodeIgniter\View\View->render('dashboard/index', [], true)
433 SYSTEMPATH\View\View.php(242): CodeIgniter\View\View->render('dashboard/index', [], true)
434 SYSTEMPATH\View\View.php(242): CodeIgniter\View\View->render('dashboard/index', [], true)
435 SYSTEMPATH\View\View.php(242): CodeIgniter\View\View->render('dashboard/index', [], true)
436 SYSTEMPATH\View\View.php(242): CodeIgniter\View\View->render('dashboard/index', [], true)
437 SYSTEMPATH\View\View.php(242): CodeIgniter\View\View->render('dashboard/index', [], true)
438 SYSTEMPATH\View\View.php(242): CodeIgniter\View\View->render('dashboard/index', [], true)
439 SYSTEMPATH\View\View.php(242): CodeIgniter\View\View->render('dashboard/index', [], true)
440 SYSTEMPATH\View\View.php(242): CodeIgniter\View\View->render('dashboard/index', [], true)
441 SYSTEMPATH\View\View.php(242): CodeIgniter\View\View->render('dashboard/index', [], true)
442 SYSTEMPATH\View\View.php(242): CodeIgniter\View\View->render('dashboard/index', [], true)
443 SYSTEMPATH\View\View.php(242): CodeIgniter\View\View->render('dashboard/index', [], true)
444 SYSTEMPATH\View\View.php(242): CodeIgniter\View\View->render('dashboard/index', [], true)
445 SYSTEMPATH\View\View.php(242): CodeIgniter\View\View->render('dashboard/index', [], true)
446 SYSTEMPATH\View\View.php(242): CodeIgniter\View\View->render('dashboard/index', [], true)
447 SYSTEMPATH\View\View.php(242): CodeIgniter\View\View->render('dashboard/index', [], true)
448 SYSTEMPATH\View\View.php(242): CodeIgniter\View\View->render('dashboard/index', [], true)
449 SYSTEMPATH\View\View.php(242): CodeIgniter\View\View->render('dashboard/index', [], true)
450 SYSTEMPATH\View\View.php(242): CodeIgniter\View\View->render('dashboard/index', [], true)
451 SYSTEMPATH\View\View.php(242): CodeIgniter\View\View->render('dashboard/index', [], true)
452 SYSTEMPATH\View\View.php(242): CodeIgniter\View\View->render('dashboard/index', [], true)
453 SYSTEMPATH\View\View.php(242): CodeIgniter\View\View->render('dashboard/index', [], true)
454 SYSTEMPATH\View\View.php(242): CodeIgniter\View\View->render('dashboard/index', [], true)
455 SYSTEMPATH\View\View.php(242): CodeIgniter\View\View->render('dashboard/index', [], true)
456 SYSTEMPATH\View\View.php(242): CodeIgniter\View\View->render('dashboard/index', [], true)
457 SYSTEMPATH\View\View.php(242): CodeIgniter\View\View->render('dashboard/index', [], true)
458 SYSTEMPATH\View\View.php(242): CodeIgniter\View\View->render('dashboard/index', [], true)
459 SYSTEMPATH\View\View.php(242): CodeIgniter\View\View->render('dashboard/index', [], true)
460 SYSTEMPATH\View\View.php(242): CodeIgniter\View\View->render('dashboard/index', [], true)
461 SYSTEMPATH\View\View.php(242): CodeIgniter\View\View->render('dashboard/index', [], true)
462 SYSTEMPATH\View\View.php(242): CodeIgniter\View\View->render('dashboard/index', [], true)
463 SYSTEMPATH\View\View.php(242): CodeIgniter\View\View->render('dashboard/index', [], true)
464 SYSTEMPATH\View\View.php(242): CodeIgniter\View\View->render('dashboard/index', [], true)
465 SYSTEMPATH\View\View.php(242): CodeIgniter\View\View->render('dashboard/index', [], true)
466 SYSTEMPATH\View\View.php(242): CodeIgniter\View\View->render('dashboard/index', [], true)
467 SYSTEMPATH\View\View.php(242): CodeIgniter\View\View->render('dashboard/index', [], true)
468 SYSTEMPATH\View\View.php(242): CodeIgniter\View\View->render('dashboard/index', [], true)
469 SYSTEMPATH\View\View.php(242): CodeIgniter\View\View->render('dashboard/index', [], true)
470 SYSTEMPATH\View\View.php(242): CodeIgniter\View\View->render('dashboard/index', [], true)
471 SYSTEMPATH\View\View.php(242): CodeIgniter\View\View->render('dashboard/index', [], true)
472 SYSTEMPATH\View\View.php(242): CodeIgniter\View\View->render('dashboard/index', [], true)
473 SYSTEMPATH\View\View.php(242): CodeIgniter\View\View->render('dashboard/index', [], true)
474 SYSTEMPATH\View\View.php(242): CodeIgniter\View\View->render('dashboard/index', [], true)
475 SYSTEMPATH\View\View.php(242): CodeIgniter\View\View->render('dashboard/index', [], true)
476 SYSTEMPATH\View\View.php(242): CodeIgniter\View\View->render('dashboard/index', [], true)
477 SYSTEMPATH\View\View.php(242): CodeIgniter\View\View->render('dashboard/index', [], true)
478 SYSTEMPATH\View\View.php(242): CodeIgniter\View\View->render('dashboard/index', [], true)
479 SYSTEMPATH\View\View.php(242): CodeIgniter\View\View->render('dashboard/index', [], true)
480 SYSTEMPATH\View\View.php(242): CodeIgniter\View\View->render('dashboard/index', [], true)
481 SYSTEMPATH\View\View.php(242): CodeIgniter\View\View->render('dashboard/index', [], true)
482 SYSTEMPATH\View\View.php(242): CodeIgniter\View\View->render('dashboard/index', [], true)
483 SYSTEMPATH\View\View.php(242): CodeIgniter\View\View->render('dashboard/index', [], true)
484 SYSTEMPATH\View\View.php(242): CodeIgniter\View\View->render('dashboard/index', [], true)
485 SYSTEMPATH\View\View.php(242): CodeIgniter\View\View->render('dashboard/index', [], true)
486 SYSTEMPATH\View\View.php(242): CodeIgniter\View\View->render('dashboard/index', [], true)
487 SYSTEMPATH\View\View.php(242): CodeIgniter\View\View->render('dashboard/index', [], true)
488 SYSTEMPATH\View\View.php(242): CodeIgniter\View\View->render('dashboard/index', [], true)
489 SYSTEMPATH\View\View.php(242): CodeIgniter\View\View->render('dashboard/index', [], true)
490 SYSTEMPATH\View\View.php(242): CodeIgniter\View\View->render('dashboard/index', [], true)
491 SYSTEMPATH\View\View.php(242): CodeIgniter\View\View->render('dashboard/index', [], true)
492 SYSTEMPATH\View\View.php(242): CodeIgniter\View\View->render('dashboard/index', [], true)
493 SYSTEMPATH\View\View.php(242): CodeIgniter\View\View->render('dashboard/index', [], true)
494 SYSTEMPATH\View\View.php(242): CodeIgniter\View\View->render('dashboard/index', [], true)
495 SYSTEMPATH\View\View.php(242): CodeIgniter\View\View->render('dashboard/index', [], true)
496 SYSTEMPATH\View\View.php(242): CodeIgniter\View\View->render('dashboard/index', [], true)
497 SYSTEMPATH\View\View.php(242): CodeIgniter\View\View->render('dashboard/index', [], true)
498 SYSTEMPATH\View\View.php(242): CodeIgniter\View\View->render('dashboard/index', [], true)
499 SYSTEMPATH\View\View.php(242): CodeIgniter\View\View->render('dashboard/index', [], true)
500 SYSTEMPATH\View\View.php(242): CodeIgniter\View\View->render('dashboard/index', [], true)
501 SYSTEMPATH\View\View.php(242): CodeIgniter\View\View->render('dashboard/index', [], true)
502 SYSTEMPATH\View\View.php(242): CodeIgniter\View\View->render('dashboard/index', [], true)
503 SYSTEMPATH\View\View.php(242): CodeIgniter\View\View->render('dashboard/index', [], true)
504 SYSTEMPATH\View\View.php(242): CodeIgniter\View\View->render('dashboard/index', [], true)
505 SYSTEMPATH\Common.php(1167): CodeIgniter\View\View->render('dashboard/index', [], true)
506 APPPATH\Controllers\Dashboard.php(9): view('dashboard/index')
507 SYSTEMPATH\CodeIgniter.php(933): App\Controllers\Dashboard->index()
508 SYSTEMPATH\CodeIgniter.php(507): CodeIgniter\CodeIgniter->runController(Object(App\Controllers\Dashboard))
509 SYSTEMPATH\CodeIgniter.php(354): CodeIgniter\CodeIgniter->handleRequest(null, Object(Config\Cache), false)
510 SYSTEMPATH\Boot.php(363): CodeIgniter\CodeIgniter->run()
511 SYSTEMPATH\Boot.php(68): CodeIgniter\Boot::runCodeIgniter(Object(CodeIgniter\CodeIgniter))
512 FCPATH\index.php(59): CodeIgniter\Boot::bootWeb(Object(Config\Paths))
CRITICAL - 2025-09-25 07:19:40 --> ErrorException: Undefined variable $transferSubject
[Method: GET, Route: /]
in APPPATH\Views\dashboard\userinfo.php on line 11.
 1 APPPATH\Views\dashboard\userinfo.php(11): CodeIgniter\Debug\Exceptions->errorHandler(2, 'Undefined variable $transferSubject', 'C:\\wamp64\\www\\ejoining\\app\\Views\\dashboard\\userinfo.php', 11)
 2 SYSTEMPATH\View\View.php(226): include('C:\\wamp64\\www\\ejoining\\app\\Views\\dashboard\\userinfo.php')
 3 SYSTEMPATH\View\View.php(229): CodeIgniter\View\View->CodeIgniter\View\{closure}()
 4 SYSTEMPATH\Common.php(1167): CodeIgniter\View\View->render('dashboard/userinfo', [], true)
 5 APPPATH\Views\dashboard\index.php(8): view('dashboard/userinfo')
 6 SYSTEMPATH\View\View.php(226): include('C:\\wamp64\\www\\ejoining\\app\\Views\\dashboard\\index.php')
 7 SYSTEMPATH\View\View.php(229): CodeIgniter\View\View->CodeIgniter\View\{closure}()
 8 SYSTEMPATH\Common.php(1167): CodeIgniter\View\View->render('dashboard/index', [], true)
 9 APPPATH\Controllers\Dashboard.php(9): view('dashboard/index')
10 SYSTEMPATH\CodeIgniter.php(933): App\Controllers\Dashboard->index()
11 SYSTEMPATH\CodeIgniter.php(507): CodeIgniter\CodeIgniter->runController(Object(App\Controllers\Dashboard))
12 SYSTEMPATH\CodeIgniter.php(354): CodeIgniter\CodeIgniter->handleRequest(null, Object(Config\Cache), false)
13 SYSTEMPATH\Boot.php(363): CodeIgniter\CodeIgniter->run()
14 SYSTEMPATH\Boot.php(68): CodeIgniter\Boot::runCodeIgniter(Object(CodeIgniter\CodeIgniter))
15 FCPATH\index.php(59): CodeIgniter\Boot::bootWeb(Object(Config\Paths))
CRITICAL - 2025-09-25 07:21:16 --> ErrorException: Undefined variable $row
[Method: GET, Route: /]
in APPPATH\Views\dashboard\userinfo.php on line 40.
 1 APPPATH\Views\dashboard\userinfo.php(40): CodeIgniter\Debug\Exceptions->errorHandler(2, 'Undefined variable $row', 'C:\\wamp64\\www\\ejoining\\app\\Views\\dashboard\\userinfo.php', 40)
 2 SYSTEMPATH\View\View.php(226): include('C:\\wamp64\\www\\ejoining\\app\\Views\\dashboard\\userinfo.php')
 3 SYSTEMPATH\View\View.php(229): CodeIgniter\View\View->CodeIgniter\View\{closure}()
 4 SYSTEMPATH\Common.php(1167): CodeIgniter\View\View->render('dashboard/userinfo', [], true)
 5 APPPATH\Views\dashboard\index.php(8): view('dashboard/userinfo')
 6 SYSTEMPATH\View\View.php(226): include('C:\\wamp64\\www\\ejoining\\app\\Views\\dashboard\\index.php')
 7 SYSTEMPATH\View\View.php(229): CodeIgniter\View\View->CodeIgniter\View\{closure}()
 8 SYSTEMPATH\Common.php(1167): CodeIgniter\View\View->render('dashboard/index', [], true)
 9 APPPATH\Controllers\Dashboard.php(9): view('dashboard/index')
10 SYSTEMPATH\CodeIgniter.php(933): App\Controllers\Dashboard->index()
11 SYSTEMPATH\CodeIgniter.php(507): CodeIgniter\CodeIgniter->runController(Object(App\Controllers\Dashboard))
12 SYSTEMPATH\CodeIgniter.php(354): CodeIgniter\CodeIgniter->handleRequest(null, Object(Config\Cache), false)
13 SYSTEMPATH\Boot.php(363): CodeIgniter\CodeIgniter->run()
14 SYSTEMPATH\Boot.php(68): CodeIgniter\Boot::runCodeIgniter(Object(CodeIgniter\CodeIgniter))
15 FCPATH\index.php(59): CodeIgniter\Boot::bootWeb(Object(Config\Paths))
CRITICAL - 2025-09-25 07:21:42 --> ErrorException: Undefined variable $row
[Method: GET, Route: /]
in APPPATH\Views\dashboard\userinfo.php on line 40.
 1 APPPATH\Views\dashboard\userinfo.php(40): CodeIgniter\Debug\Exceptions->errorHandler(2, 'Undefined variable $row', 'C:\\wamp64\\www\\ejoining\\app\\Views\\dashboard\\userinfo.php', 40)
 2 SYSTEMPATH\View\View.php(226): include('C:\\wamp64\\www\\ejoining\\app\\Views\\dashboard\\userinfo.php')
 3 SYSTEMPATH\View\View.php(229): CodeIgniter\View\View->CodeIgniter\View\{closure}()
 4 SYSTEMPATH\Common.php(1167): CodeIgniter\View\View->render('dashboard/userinfo', [], true)
 5 APPPATH\Views\dashboard\index.php(8): view('dashboard/userinfo')
 6 SYSTEMPATH\View\View.php(226): include('C:\\wamp64\\www\\ejoining\\app\\Views\\dashboard\\index.php')
 7 SYSTEMPATH\View\View.php(229): CodeIgniter\View\View->CodeIgniter\View\{closure}()
 8 SYSTEMPATH\Common.php(1167): CodeIgniter\View\View->render('dashboard/index', [], true)
 9 APPPATH\Controllers\Dashboard.php(9): view('dashboard/index')
10 SYSTEMPATH\CodeIgniter.php(933): App\Controllers\Dashboard->index()
11 SYSTEMPATH\CodeIgniter.php(507): CodeIgniter\CodeIgniter->runController(Object(App\Controllers\Dashboard))
12 SYSTEMPATH\CodeIgniter.php(354): CodeIgniter\CodeIgniter->handleRequest(null, Object(Config\Cache), false)
13 SYSTEMPATH\Boot.php(363): CodeIgniter\CodeIgniter->run()
14 SYSTEMPATH\Boot.php(68): CodeIgniter\Boot::runCodeIgniter(Object(CodeIgniter\CodeIgniter))
15 FCPATH\index.php(59): CodeIgniter\Boot::bootWeb(Object(Config\Paths))
